<?xml version="1.0" encoding="UTF-8"?>
<!-- Generated by org.testng.reporters.JUnitReportReporter -->
<testsuite hostname="DESKTOP-H80GK1Q" failures="0" tests="2" name="bhuttozindahai.NetFlix" time="106.329" errors="0" timestamp="2023-04-27T10:14:33 PKT" skipped="0">
  <testcase classname="bhuttozindahai.NetFlix" name="loginfunctionality" time="87.984"/>
  <system-out/>
  <testcase classname="bhuttozindahai.NetFlix" name="signin" time="18.345"/>
  <system-out/>
</testsuite> <!-- bhuttozindahai.NetFlix -->
